0 info it worked if it ends with ok
1 verbose cli [ '/usr/local/bin/iojs',
1 verbose cli   '/usr/local/bin/npm',
1 verbose cli   'run',
1 verbose cli   'serve:dev' ]
2 info using npm@3.3.12
3 info using node@v5.5.0
4 verbose run-script [ 'preserve:dev', 'serve:dev', 'postserve:dev' ]
5 info lifecycle @~preserve:dev: @
6 silly lifecycle @~preserve:dev: no script for preserve:dev, continuing
7 info lifecycle @~serve:dev: @
8 verbose lifecycle @~serve:dev: unsafe-perm in lifecycle true
9 verbose lifecycle @~serve:dev: PATH: /usr/local/lib/node_modules/npm/bin/node-gyp-bin:/Users/jerome/Desktop/Code/javascript/gumball/jeu/node_modules/.bin:/usr/local/bin:/usr/local/php5/bin:/usr/local/bin:/usr/local/sbin:/usr/bin:/bin:/usr/sbin:/sbin:/opt/X11/bin:/Users/jerome/.yadr/bin:/Users/jerome/.yadr/bin/yadr
10 verbose lifecycle @~serve:dev: CWD: /Users/jerome/Desktop/Code/javascript/gumball/jeu
11 silly lifecycle @~serve:dev: Args: [ '-c', 'node ./scripts/servedev.js' ]
12 silly lifecycle @~serve:dev: Returned: code: 1  signal: null
13 info lifecycle @~serve:dev: Failed to exec serve:dev script
14 verbose stack Error: @ serve:dev: `node ./scripts/servedev.js`
14 verbose stack Exit status 1
14 verbose stack     at EventEmitter.<anonymous> (/usr/local/lib/node_modules/npm/lib/utils/lifecycle.js:232:16)
14 verbose stack     at emitTwo (events.js:100:13)
14 verbose stack     at EventEmitter.emit (events.js:185:7)
14 verbose stack     at ChildProcess.<anonymous> (/usr/local/lib/node_modules/npm/lib/utils/spawn.js:24:14)
14 verbose stack     at emitTwo (events.js:100:13)
14 verbose stack     at ChildProcess.emit (events.js:185:7)
14 verbose stack     at maybeClose (internal/child_process.js:821:16)
14 verbose stack     at Process.ChildProcess._handle.onexit (internal/child_process.js:211:5)
15 verbose pkgid @
16 verbose cwd /Users/jerome/Desktop/Code/javascript/gumball/jeu
17 error Darwin 15.3.0
18 error argv "/usr/local/bin/iojs" "/usr/local/bin/npm" "run" "serve:dev"
19 error node v5.5.0
20 error npm  v3.3.12
21 error code ELIFECYCLE
22 error @ serve:dev: `node ./scripts/servedev.js`
22 error Exit status 1
23 error Failed at the @ serve:dev script 'node ./scripts/servedev.js'.
23 error Make sure you have the latest version of node.js and npm installed.
23 error If you do, this is most likely a problem with the  package,
23 error not with npm itself.
23 error Tell the author that this fails on your system:
23 error     node ./scripts/servedev.js
23 error You can get their info via:
23 error     npm owner ls
23 error There is likely additional logging output above.
24 verbose exit [ 1, true ]
